<?xml version="1.0" encoding="UTF-8"?>
<testng-results skipped="0" failed="0" total="1" passed="1">
  <reporter-output>
  </reporter-output>
  <suite name="Default suite" duration-ms="37683" started-at="2020-06-20T15:20:26Z" finished-at="2020-06-20T15:21:03Z">
    <groups>
    </groups>
    <test name="Default test" duration-ms="37683" started-at="2020-06-20T15:20:26Z" finished-at="2020-06-20T15:21:03Z">
      <class name="com.vtiger.TestScripts.CreateProductTest">
        <test-method status="PASS" signature="configBS()[pri:0, instance:com.vtiger.TestScripts.CreateProductTest@5e5792a0]" name="configBS" is-config="true" duration-ms="17" started-at="2020-06-20T20:50:26Z" finished-at="2020-06-20T20:50:26Z">
          <reporter-output>
          </reporter-output>
        </test-method> <!-- configBS -->
        <test-method status="PASS" signature="configBC()[pri:0, instance:com.vtiger.TestScripts.CreateProductTest@5e5792a0]" name="configBC" is-config="true" duration-ms="5824" started-at="2020-06-20T20:50:26Z" finished-at="2020-06-20T20:50:32Z">
          <reporter-output>
          </reporter-output>
        </test-method> <!-- configBC -->
        <test-method status="PASS" signature="configBM()[pri:0, instance:com.vtiger.TestScripts.CreateProductTest@5e5792a0]" name="configBM" is-config="true" duration-ms="4479" started-at="2020-06-20T20:50:32Z" finished-at="2020-06-20T20:50:36Z">
          <reporter-output>
          </reporter-output>
        </test-method> <!-- configBM -->
        <test-method status="PASS" signature="CreateProduct()[pri:0, instance:com.vtiger.TestScripts.CreateProductTest@5e5792a0]" name="CreateProduct" duration-ms="23419" started-at="2020-06-20T20:50:36Z" finished-at="2020-06-20T20:50:59Z">
          <reporter-output>
          </reporter-output>
        </test-method> <!-- CreateProduct -->
        <test-method status="PASS" signature="configAM()[pri:0, instance:com.vtiger.TestScripts.CreateProductTest@5e5792a0]" name="configAM" is-config="true" duration-ms="3039" started-at="2020-06-20T20:50:59Z" finished-at="2020-06-20T20:51:02Z">
          <reporter-output>
          </reporter-output>
        </test-method> <!-- configAM -->
        <test-method status="PASS" signature="configAC()[pri:0, instance:com.vtiger.TestScripts.CreateProductTest@5e5792a0]" name="configAC" is-config="true" duration-ms="911" started-at="2020-06-20T20:51:02Z" finished-at="2020-06-20T20:51:03Z">
          <reporter-output>
          </reporter-output>
        </test-method> <!-- configAC -->
        <test-method status="PASS" signature="configAS()[pri:0, instance:com.vtiger.TestScripts.CreateProductTest@5e5792a0]" name="configAS" is-config="true" duration-ms="0" started-at="2020-06-20T20:51:03Z" finished-at="2020-06-20T20:51:03Z">
          <reporter-output>
          </reporter-output>
        </test-method> <!-- configAS -->
      </class> <!-- com.vtiger.TestScripts.CreateProductTest -->
    </test> <!-- Default test -->
  </suite> <!-- Default suite -->
</testng-results>
